#
# A fatal error has been detected by the Java Runtime Environment:
#
#  EXCEPTION_ACCESS_VIOLATION (0xc0000005) at pc=0xccccffff, pid=2456, tid=3304
#
# JRE version: 6.0_31-b05
# Java VM: Java HotSpot(TM) Client VM (20.6-b01 mixed mode, sharing windows-x86 )
# Problematic frame:
# C  0xccccffff
#
# If you would like to submit a bug report, please visit:
#   http://java.sun.com/webapps/bugreport/crash.jsp
# The crash happened outside the Java Virtual Machine in native code.
# See problematic frame for where to report the bug.
#

---------------  T H R E A D  ---------------

Current thread (0x0178e400):  JavaThread "AWT-Windows" daemon [_thread_in_native, id=3304, stack(0x01600000,0x01700000)]

siginfo: ExceptionCode=0xc0000005, reading address 0xccccffff

Registers:
EAX=0x00000001, EBX=0x00000001, ECX=0x073b2a40, EDX=0x6d0c00d4
ESP=0x016ffa50, EBP=0x016ffa7c, ESI=0x0178e528, EDI=0x00009819
EIP=0xccccffff, EFLAGS=0x00210202

Top of Stack: (sp=0x016ffa50)
0x016ffa50:   6d09ceea 016ffaf8 00009819 00000000
0x016ffa60:   016ffaf8 00000000 0178e528 016ffa54
0x016ffa70:   016ffb10 6d0c0698 00000001 016ffaa8
0x016ffa80:   74f1c4e7 005e04e4 00009819 073b2a40
0x016ffa90:   00000000 00009819 dcbaabcd 00000000
0x016ffaa0:   016ffaf8 00009819 016ffb20 74f1c5e7
0x016ffab0:   6d09ca00 005e04e4 00009819 073b2a40
0x016ffac0:   00000000 f8863f63 00000000 005e04e4 

Instructions: (pc=0xccccffff)
0xccccffdf:   
[error occurred during error reporting (printing registers, top of stack, instructions near pc), id 0xc0000005]

Register to memory mapping:

EAX=0x00000001 is an unknown value
EBX=0x00000001 is an unknown value
ECX=0x073b2a40 is an unknown value
EDX=0x6d0c00d4 is an unknown value
ESP=0x016ffa50 is pointing into the stack for thread: 0x0178e400
EBP=0x016ffa7c is pointing into the stack for thread: 0x0178e400
ESI=0x0178e528 is an unknown value
EDI=0x00009819 is an unknown value


Stack: [0x01600000,0x01700000],  sp=0x016ffa50,  free space=1022k
Native frames: (J=compiled Java code, j=interpreted, Vv=VM code, C=native code)
C  0xccccffff
C  [USER32.dll+0x1c4e7]  gapfnScSendMessage+0x1cf
C  [USER32.dll+0x1c5e7]  gapfnScSendMessage+0x2cf
C  [USER32.dll+0x14f0e]  GetScrollBarInfo+0xfd
C  [USER32.dll+0x14f7d]  GetScrollBarInfo+0x16c
C  [ntdll.dll+0x46fce]  KiUserCallbackDispatcher+0x2e

Java frames: (J=compiled Java code, j=interpreted, Vv=VM code)
j  sun.awt.windows.WToolkit.eventLoop()V+0
j  sun.awt.windows.WToolkit.run()V+52
v  ~StubRoutines::call_stub

---------------  P R O C E S S  ---------------

Java Threads: ( => current thread )
  0x01793400 JavaThread "Thread-1" daemon [_thread_in_native, id=5564, stack(0x04d40000,0x04d90000)]
  0x08204800 JavaThread "MPReduce" [_thread_blocked, id=1636, stack(0x0b2c0000,0x0b310000)]
  0x08203000 JavaThread "TimerQueue" daemon [_thread_blocked, id=2524, stack(0x08590000,0x085e0000)]
  0x01791400 JavaThread "AWT-EventQueue-1" [_thread_blocked, id=3536, stack(0x06800000,0x06850000)]
  0x01790800 JavaThread "AWT-EventQueue-0" [_thread_blocked, id=4640, stack(0x06760000,0x067b0000)]
  0x01790000 JavaThread "CacheCleanUpThread" daemon [_thread_blocked, id=2156, stack(0x062c0000,0x06310000)]
  0x0178fc00 JavaThread "CacheMemoryCleanUpThread" daemon [_thread_blocked, id=5824, stack(0x06270000,0x062c0000)]
  0x0178f400 JavaThread "DestroyJavaVM" [_thread_blocked, id=5192, stack(0x00370000,0x003c0000)]
  0x0178e800 JavaThread "Javaws Secure Thread" daemon [_thread_blocked, id=5204, stack(0x060d0000,0x06120000)]
=>0x0178e400 JavaThread "AWT-Windows" daemon [_thread_in_native, id=3304, stack(0x01600000,0x01700000)]
  0x0178dc00 JavaThread "AWT-Shutdown" [_thread_blocked, id=4716, stack(0x06080000,0x060d0000)]
  0x0178d400 JavaThread "Java2D Disposer" daemon [_thread_in_native, id=4900, stack(0x06030000,0x06080000)]
  0x0178d000 JavaThread "traceMsgQueueThread" daemon [_thread_blocked, id=6120, stack(0x04300000,0x04350000)]
  0x0178c800 JavaThread "Low Memory Detector" daemon [_thread_blocked, id=3816, stack(0x04140000,0x04190000)]
  0x01795000 JavaThread "C1 CompilerThread0" daemon [_thread_blocked, id=4696, stack(0x03e10000,0x03e60000)]
  0x0178c400 JavaThread "Attach Listener" daemon [_thread_blocked, id=3668, stack(0x03dc0000,0x03e10000)]
  0x0178bc00 JavaThread "Signal Dispatcher" daemon [_thread_blocked, id=4728, stack(0x03d40000,0x03d90000)]
  0x01780000 JavaThread "Finalizer" daemon [_thread_blocked, id=1832, stack(0x03e90000,0x03ee0000)]
  0x0177ec00 JavaThread "Reference Handler" daemon [_thread_blocked, id=5924, stack(0x03cf0000,0x03d40000)]

Other Threads:
  0x01742000 VMThread [stack: 0x03c50000,0x03ca0000] [id=2716]
  0x017a3800 WatcherThread [stack: 0x042b0000,0x04300000] [id=2204]

VM state:not at safepoint (normal execution)

VM Mutex/Monitor currently owned by a thread: None

Heap
 def new generation   total 17856K, used 599K [0x13c20000, 0x14f70000, 0x1e6c0000)
  eden space 15936K,   0% used [0x13c20000, 0x13c2ae48, 0x14bb0000)
  from space 1920K,  28% used [0x14bb0000, 0x14c3b060, 0x14d90000)
  to   space 1920K,   0% used [0x14d90000, 0x14d90000, 0x14f70000)
 tenured generation   total 39492K, used 26799K [0x1e6c0000, 0x20d51000, 0x33c20000)
   the space 39492K,  67% used [0x1e6c0000, 0x200ebe78, 0x200ec000, 0x20d51000)
 compacting perm gen  total 15104K, used 14905K [0x33c20000, 0x34ae0000, 0x37c20000)
   the space 15104K,  98% used [0x33c20000, 0x34aae5b0, 0x34aae600, 0x34ae0000)
    ro space 10240K,  51% used [0x37c20000, 0x3814e318, 0x3814e400, 0x38620000)
    rw space 12288K,  55% used [0x38620000, 0x38cba088, 0x38cba200, 0x39220000)

Code Cache  [0x01970000, 0x01f08000, 0x03970000)
 total_blobs=3127 nmethods=2844 adapters=215 free_code_cache=27709504 largest_free_block=256

Dynamic libraries:
0x00400000 - 0x00425000 	C:\Program Files\Java\jre6\bin\javaw.exe
0x77270000 - 0x773ac000 	C:\windows\SYSTEM32\ntdll.dll
0x76800000 - 0x768d4000 	C:\windows\system32\kernel32.dll
0x74b70000 - 0x74bba000 	C:\windows\system32\KERNELBASE.dll
0x74ff0000 - 0x75090000 	C:\windows\system32\ADVAPI32.dll
0x75540000 - 0x755ec000 	C:\windows\system32\msvcrt.dll
0x75230000 - 0x75249000 	C:\windows\SYSTEM32\sechost.dll
0x766f0000 - 0x76791000 	C:\windows\system32\RPCRT4.dll
0x74f00000 - 0x74fc9000 	C:\windows\system32\USER32.dll
0x767b0000 - 0x767fe000 	C:\windows\system32\GDI32.dll
0x74fd0000 - 0x74fda000 	C:\windows\system32\LPK.dll
0x75410000 - 0x754ad000 	C:\windows\system32\USP10.dll
0x773b0000 - 0x773cf000 	C:\windows\system32\IMM32.DLL
0x757d0000 - 0x7589c000 	C:\windows\system32\MSCTF.dll
0x7c340000 - 0x7c396000 	C:\Program Files\Java\jre6\bin\msvcr71.dll
0x6d7f0000 - 0x6da9f000 	C:\Program Files\Java\jre6\bin\client\jvm.dll
0x6f3c0000 - 0x6f3f2000 	C:\windows\system32\WINMM.dll
0x74930000 - 0x7497c000 	C:\windows\system32\apphelp.dll
0x6d7a0000 - 0x6d7ac000 	C:\Program Files\Java\jre6\bin\verify.dll
0x6d320000 - 0x6d33f000 	C:\Program Files\Java\jre6\bin\java.dll
0x6d000000 - 0x6d14c000 	C:\Program Files\Java\jre6\bin\awt.dll
0x731f0000 - 0x73241000 	C:\windows\system32\WINSPOOL.DRV
0x75670000 - 0x757cc000 	C:\windows\system32\ole32.dll
0x73a20000 - 0x73bbe000 	C:\windows\WinSxS\x86_microsoft.windows.common-controls_6595b64144ccf1df_6.0.7601.17514_none_41e6975e2bd6f2b2\COMCTL32.dll
0x753b0000 - 0x75407000 	C:\windows\system32\SHLWAPI.dll
0x74980000 - 0x7498c000 	C:\windows\system32\CRYPTBASE.dll
0x73790000 - 0x737d0000 	C:\windows\system32\uxtheme.dll
0x6d7e0000 - 0x6d7ef000 	C:\Program Files\Java\jre6\bin\zip.dll
0x73e80000 - 0x73e89000 	C:\windows\system32\VERSION.dll
0x73460000 - 0x73473000 	C:\windows\system32\dwmapi.dll
0x62990000 - 0x6299b000 	C:\windows\system32\atiu9pag.dll
0x6d1d0000 - 0x6d1e3000 	C:\Program Files\Java\jre6\bin\deploy.dll
0x74bc0000 - 0x74cde000 	C:\windows\system32\CRYPT32.dll
0x74a70000 - 0x74a7c000 	C:\windows\system32\MSASN1.dll
0x758a0000 - 0x764ea000 	C:\windows\system32\SHELL32.dll
0x764f0000 - 0x7657f000 	C:\windows\system32\OLEAUT32.dll
0x765d0000 - 0x766eb000 	C:\windows\system32\WININET.dll
0x74fe0000 - 0x74fe3000 	C:\windows\system32\Normaliz.dll
0x74d00000 - 0x74eb8000 	C:\windows\system32\iertutil.dll
0x75290000 - 0x753a1000 	C:\windows\system32\urlmon.dll
0x74a00000 - 0x74a0b000 	C:\windows\system32\profapi.dll
0x6d600000 - 0x6d613000 	C:\Program Files\Java\jre6\bin\net.dll
0x75250000 - 0x75285000 	C:\windows\system32\WS2_32.dll
0x74ef0000 - 0x74ef6000 	C:\windows\system32\NSI.dll
0x74440000 - 0x7447c000 	C:\windows\system32\mswsock.dll
0x74430000 - 0x74436000 	C:\windows\System32\wship6.dll
0x6d620000 - 0x6d629000 	C:\Program Files\Java\jre6\bin\nio.dll
0x6d6a0000 - 0x6d6e6000 	C:\Program Files\Java\jre6\bin\regutils.dll
0x748f0000 - 0x748f8000 	C:\windows\system32\Secur32.dll
0x74910000 - 0x7492b000 	C:\windows\system32\SSPICLI.DLL
0x74300000 - 0x74344000 	C:\windows\system32\dnsapi.DLL
0x72bb0000 - 0x72bcc000 	C:\windows\system32\iphlpapi.DLL
0x72b90000 - 0x72b97000 	C:\windows\system32\WINNSI.DLL
0x72e90000 - 0x72ee2000 	C:\windows\system32\RASAPI32.dll
0x72e70000 - 0x72e85000 	C:\windows\system32\rasman.dll
0x72e60000 - 0x72e6d000 	C:\windows\system32\rtutils.dll
0x6a790000 - 0x6a796000 	C:\windows\system32\sensapi.dll
0x71420000 - 0x71432000 	C:\windows\system32\dhcpcsvc.DLL
0x71410000 - 0x7141d000 	C:\windows\system32\dhcpcsvc6.DLL
0x73f50000 - 0x73f55000 	C:\windows\System32\wshtcpip.dll
0x6f410000 - 0x6f437000 	C:\Program Files\Common Files\Microsoft Shared\Windows Live\WLIDNSP.DLL
0x767a0000 - 0x767a5000 	C:\windows\system32\PSAPI.DLL
0x6f400000 - 0x6f406000 	C:\windows\system32\rasadhlp.dll
0x6d230000 - 0x6d27f000 	C:\Program Files\Java\jre6\bin\fontmanager.dll
0x10000000 - 0x10038000 	C:\Program Files\Lenovo\Bluetooth Software\btmmhook.dll
0x03e60000 - 0x03e69000 	C:\Program Files\Lenovo\Energy Management\BatteryTestDLL.dll
0x6f120000 - 0x6f1bb000 	C:\windows\WinSxS\x86_microsoft.vc80.crt_1fc8b3b9a1e18e3b_8.0.50727.6195_none_d09154e044272b9a\MSVCR80.dll
0x74480000 - 0x74496000 	C:\windows\system32\CRYPTSP.dll
0x74220000 - 0x7425b000 	C:\windows\system32\rsaenh.dll
0x74020000 - 0x74037000 	C:\windows\system32\USERENV.dll
0x72ce0000 - 0x72cf0000 	C:\windows\system32\NLAapi.dll
0x62490000 - 0x624a0000 	C:\windows\system32\napinsp.dll
0x62470000 - 0x62482000 	C:\windows\system32\pnrpnsp.dll
0x62460000 - 0x62468000 	C:\windows\System32\winrnr.dll
0x72f20000 - 0x72f2d000 	C:\windows\system32\wshbth.dll
0x71670000 - 0x716a8000 	C:\windows\System32\fwpuclnt.dll
0x6d1a0000 - 0x6d1c3000 	C:\Program Files\Java\jre6\bin\dcpr.dll
0x754b0000 - 0x75533000 	C:\windows\system32\CLBCatQ.DLL
0x75090000 - 0x7522d000 	C:\windows\system32\SETUPAPI.dll
0x74b40000 - 0x74b67000 	C:\windows\system32\CFGMGR32.dll
0x74ce0000 - 0x74cf2000 	C:\windows\system32\DEVOBJ.dll
0x738e0000 - 0x739d5000 	C:\windows\system32\propsys.dll
0x72d90000 - 0x72db1000 	C:\windows\system32\ntmarta.dll
0x76580000 - 0x765c5000 	C:\windows\system32\WLDAP32.dll
0x69e20000 - 0x69fb8000 	C:\windows\system32\NetworkExplorer.dll
0x6e9b0000 - 0x6e9de000 	C:\windows\System32\shdocvw.dll
0x72c60000 - 0x72c6a000 	C:\windows\system32\slc.dll
0x73330000 - 0x7342b000 	C:\windows\system32\WindowsCodecs.dll
0x6f700000 - 0x6f731000 	C:\windows\system32\EhStorShell.dll
0x6ec20000 - 0x6ee3f000 	C:\Program Files\Microsoft Office\Office12\GrooveShellExtensions.dll
0x6eb20000 - 0x6ec12000 	C:\Program Files\Microsoft Office\Office12\GrooveUtil.DLL
0x6f300000 - 0x6f307000 	C:\Program Files\Microsoft Office\Office12\GrooveNew.DLL
0x6f2e0000 - 0x6f2fb000 	C:\windows\WinSxS\x86_microsoft.vc80.atl_1fc8b3b9a1e18e3b_8.0.50727.6195_none_d1cb102c435421de\ATL80.DLL
0x72dc0000 - 0x72dc5000 	C:\windows\system32\MSImg32.dll
0x6eab0000 - 0x6eb20000 	C:\windows\system32\ntshrui.dll
0x74870000 - 0x74889000 	C:\windows\system32\srvcli.dll
0x6f3b0000 - 0x6f3bb000 	C:\windows\system32\cscapi.dll
0x0af80000 - 0x0b104000 	C:\windows\system32\IcnOvrly.dll
0x70950000 - 0x70962000 	C:\windows\system32\MPR.dll
0x63b80000 - 0x63b88000 	C:\windows\System32\drprov.dll
0x74590000 - 0x745b9000 	C:\windows\System32\WINSTA.dll
0x63b10000 - 0x63b24000 	C:\windows\System32\ntlanman.dll
0x63ab0000 - 0x63ac7000 	C:\windows\System32\davclnt.dll
0x63a20000 - 0x63a28000 	C:\windows\System32\DAVHLPR.dll
0x730c0000 - 0x730cf000 	C:\windows\system32\wkscli.dll
0x730d0000 - 0x730d9000 	C:\windows\system32\netutils.dll
0x670e0000 - 0x67169000 	C:\windows\system32\PortableDeviceApi.dll
0x74b10000 - 0x74b3d000 	C:\windows\system32\WINTRUST.dll
0x61010000 - 0x61032000 	C:\windows\system32\EhStorAPI.dll
0x6f2c0000 - 0x6f2c9000 	C:\windows\system32\LINKINFO.dll
0x6d720000 - 0x6d799000 	C:\windows\system32\DeviceCenter.dll
0x73540000 - 0x735f2000 	C:\windows\system32\DUI70.dll
0x749f0000 - 0x749fe000 	C:\windows\system32\RpcRtRemote.dll

VM Arguments:
jvm_args: -Xbootclasspath/a:C:\\Program Files\\Java\\jre6\\lib\\javaws.jar;C:\\Program Files\\Java\\jre6\\lib\\deploy.jar;C:\\Program Files\\Java\\jre6\\lib\\plugin.jar -Djava.security.policy=file:C:\\Program Files\\Java\\jre6\\lib\\security\\javaws.policy -DtrustProxy=true -Xverify:remote -Djnlpx.home=C:\\Program Files\\Java\\jre6\\bin -Dsun.awt.warmup=true -Djnlpx.origFilenameArg=C:\Users\lenovo\AppData\LocalLow\Sun\Java\Deployment\cache\6.0\2\5cf48382-3454d240 -Djnlpx.remove=true -Xmx512m -Djnlpx.heapsize=NULL,512m -Djnlpx.splashport=49560 -Djnlpx.jvm=C:\\Program Files\\Java\\jre6\\bin\\javaw.exe 
java_command: com.sun.javaws.Main -open C:\\semromero\\thesis\\ggb\\demostracion del Teorema.ggb C:\Users\lenovo\AppData\Local\Temp\javaws7
Launcher Type: SUN_STANDARD

Environment Variables:
PATH=C:\Program Files\Java\jre6\bin;C:\Program Files\Common Files\Microsoft Shared\Windows Live;C:\Program Files\AMD APP\bin\x86;C:\windows\system32;C:\windows;C:\windows\System32\Wbem;C:\windows\System32\WindowsPowerShell\v1.0\;C:\Program Files\ATI Technologies\ATI.ACE\Core-Static;C:\Program Files\Lenovo\Bluetooth Software\;C:\Program Files\Windows Live\Shared;C:\Program Files\MiKTeX 2.9\miktex\bin\;"C:\Program Files\Java\jre6\bin"
USERNAME=lenovo
OS=Windows_NT
PROCESSOR_IDENTIFIER=x86 Family 20 Model 2 Stepping 0, AuthenticAMD



---------------  S Y S T E M  ---------------

OS: Windows 7 Build 7601 Service Pack 1

CPU:total 2 (2 cores per cpu, 1 threads per core) family 20 model 2 stepping 0, cmov, cx8, fxsr, mmx, sse, sse2, sse3, ssse3, popcnt, mmxext, lzcnt, sse4a

Memory: 4k page, physical 1682332k(669324k free), swap 3364664k(1471468k free)

vm_info: Java HotSpot(TM) Client VM (20.6-b01) for windows-x86 JRE (1.6.0_31-b05), built on Feb  3 2012 18:44:09 by "java_re" with MS VC++ 7.1 (VS2003)

time: Tue Oct 02 23:01:40 2012
elapsed time: 11372 seconds

